2021-09-08 04:15:35,072 DEBUG [main] cache:45 - Couldn't find template in cache for "Extent.ftl"("en_LK", UTF-8, parsed); will try to load it.
2021-09-08 04:15:35,075 DEBUG [main] cache:45 - TemplateLoader.findTemplateSource("Extent_en_LK.ftl"): Not found
2021-09-08 04:15:35,077 DEBUG [main] cache:45 - TemplateLoader.findTemplateSource("Extent_en.ftl"): Not found
2021-09-08 04:15:35,079 DEBUG [main] cache:45 - TemplateLoader.findTemplateSource("Extent.ftl"): Found
2021-09-08 04:15:35,080 DEBUG [main] cache:45 - Loading template for "Extent.ftl"("en_LK", UTF-8, parsed) from "jar:file:/Users/methuliakithma/.m2/repository/com/relevantcodes/extentreports/2.41.2/extentreports-2.41.2.jar!/com/relevantcodes/extentreports/view/Extent.ftl"
2021-09-08 04:15:35,325 DEBUG [main] cache:45 - Couldn't find template in cache for "Extent.ftl"("en_LK", UTF-8, parsed); will try to load it.
2021-09-08 04:15:35,326 DEBUG [main] cache:45 - TemplateLoader.findTemplateSource("Extent_en_LK.ftl"): Not found
2021-09-08 04:15:35,327 DEBUG [main] cache:45 - TemplateLoader.findTemplateSource("Extent_en.ftl"): Not found
2021-09-08 04:15:35,327 DEBUG [main] cache:45 - TemplateLoader.findTemplateSource("Extent.ftl"): Found
2021-09-08 04:15:35,328 DEBUG [main] cache:45 - Loading template for "Extent.ftl"("en_LK", UTF-8, parsed) from "jar:file:/Users/methuliakithma/.m2/repository/com/relevantcodes/extentreports/2.41.2/extentreports-2.41.2.jar!/com/relevantcodes/extentreports/view/Extent.ftl"
2021-09-08 08:43:05,181 DEBUG [main] cache:45 - Couldn't find template in cache for "Extent.ftl"("en_LK", UTF-8, parsed); will try to load it.
2021-09-08 08:43:05,185 DEBUG [main] cache:45 - TemplateLoader.findTemplateSource("Extent_en_LK.ftl"): Not found
2021-09-08 08:43:05,188 DEBUG [main] cache:45 - TemplateLoader.findTemplateSource("Extent_en.ftl"): Not found
2021-09-08 08:43:05,188 DEBUG [main] cache:45 - TemplateLoader.findTemplateSource("Extent.ftl"): Found
2021-09-08 08:43:05,189 DEBUG [main] cache:45 - Loading template for "Extent.ftl"("en_LK", UTF-8, parsed) from "jar:file:/Users/methuliakithma/.m2/repository/com/relevantcodes/extentreports/2.41.2/extentreports-2.41.2.jar!/com/relevantcodes/extentreports/view/Extent.ftl"
2021-09-08 08:43:05,474 DEBUG [main] cache:45 - Couldn't find template in cache for "Extent.ftl"("en_LK", UTF-8, parsed); will try to load it.
2021-09-08 08:43:05,479 DEBUG [main] cache:45 - TemplateLoader.findTemplateSource("Extent_en_LK.ftl"): Not found
2021-09-08 08:43:05,480 DEBUG [main] cache:45 - TemplateLoader.findTemplateSource("Extent_en.ftl"): Not found
2021-09-08 08:43:05,481 DEBUG [main] cache:45 - TemplateLoader.findTemplateSource("Extent.ftl"): Found
2021-09-08 08:43:05,482 DEBUG [main] cache:45 - Loading template for "Extent.ftl"("en_LK", UTF-8, parsed) from "jar:file:/Users/methuliakithma/.m2/repository/com/relevantcodes/extentreports/2.41.2/extentreports-2.41.2.jar!/com/relevantcodes/extentreports/view/Extent.ftl"
2022-10-05 23:06:52,869 DEBUG [main] cache:45 - Couldn't find template in cache for "Extent.ftl"("en_GB", UTF-8, parsed); will try to load it.
2022-10-05 23:06:52,872 DEBUG [main] cache:45 - TemplateLoader.findTemplateSource("Extent_en_GB.ftl"): Not found
2022-10-05 23:06:52,873 DEBUG [main] cache:45 - TemplateLoader.findTemplateSource("Extent_en.ftl"): Not found
2022-10-05 23:06:52,875 DEBUG [main] cache:45 - TemplateLoader.findTemplateSource("Extent.ftl"): Found
2022-10-05 23:06:52,875 DEBUG [main] cache:45 - Loading template for "Extent.ftl"("en_GB", UTF-8, parsed) from "jar:file:/Users/nethmini/m2/repository/com/relevantcodes/extentreports/2.41.2/extentreports-2.41.2.jar!/com/relevantcodes/extentreports/view/Extent.ftl"
2022-10-05 23:06:53,102 DEBUG [main] cache:45 - Couldn't find template in cache for "Extent.ftl"("en_GB", UTF-8, parsed); will try to load it.
2022-10-05 23:06:53,102 DEBUG [main] cache:45 - TemplateLoader.findTemplateSource("Extent_en_GB.ftl"): Not found
2022-10-05 23:06:53,102 DEBUG [main] cache:45 - TemplateLoader.findTemplateSource("Extent_en.ftl"): Not found
2022-10-05 23:06:53,103 DEBUG [main] cache:45 - TemplateLoader.findTemplateSource("Extent.ftl"): Found
2022-10-05 23:06:53,103 DEBUG [main] cache:45 - Loading template for "Extent.ftl"("en_GB", UTF-8, parsed) from "jar:file:/Users/nethmini/m2/repository/com/relevantcodes/extentreports/2.41.2/extentreports-2.41.2.jar!/com/relevantcodes/extentreports/view/Extent.ftl"
2022-10-05 23:29:50,068 DEBUG [main] cache:45 - Couldn't find template in cache for "Extent.ftl"("en_GB", UTF-8, parsed); will try to load it.
2022-10-05 23:29:50,071 DEBUG [main] cache:45 - TemplateLoader.findTemplateSource("Extent_en_GB.ftl"): Not found
2022-10-05 23:29:50,074 DEBUG [main] cache:45 - TemplateLoader.findTemplateSource("Extent_en.ftl"): Not found
2022-10-05 23:29:50,075 DEBUG [main] cache:45 - TemplateLoader.findTemplateSource("Extent.ftl"): Found
2022-10-05 23:29:50,075 DEBUG [main] cache:45 - Loading template for "Extent.ftl"("en_GB", UTF-8, parsed) from "jar:file:/Users/nethmini/m2/repository/com/relevantcodes/extentreports/2.41.2/extentreports-2.41.2.jar!/com/relevantcodes/extentreports/view/Extent.ftl"
2022-10-05 23:29:50,381 DEBUG [main] cache:45 - Couldn't find template in cache for "Extent.ftl"("en_GB", UTF-8, parsed); will try to load it.
2022-10-05 23:29:50,382 DEBUG [main] cache:45 - TemplateLoader.findTemplateSource("Extent_en_GB.ftl"): Not found
2022-10-05 23:29:50,383 DEBUG [main] cache:45 - TemplateLoader.findTemplateSource("Extent_en.ftl"): Not found
2022-10-05 23:29:50,383 DEBUG [main] cache:45 - TemplateLoader.findTemplateSource("Extent.ftl"): Found
2022-10-05 23:29:50,383 DEBUG [main] cache:45 - Loading template for "Extent.ftl"("en_GB", UTF-8, parsed) from "jar:file:/Users/nethmini/m2/repository/com/relevantcodes/extentreports/2.41.2/extentreports-2.41.2.jar!/com/relevantcodes/extentreports/view/Extent.ftl"
2022-11-03 17:58:32,384 DEBUG [main] cache:45 - Couldn't find template in cache for "Extent.ftl"("en_GB", UTF-8, parsed); will try to load it.
2022-11-03 17:58:32,386 DEBUG [main] cache:45 - TemplateLoader.findTemplateSource("Extent_en_GB.ftl"): Not found
2022-11-03 17:58:32,388 DEBUG [main] cache:45 - TemplateLoader.findTemplateSource("Extent_en.ftl"): Not found
2022-11-03 17:58:32,388 DEBUG [main] cache:45 - TemplateLoader.findTemplateSource("Extent.ftl"): Found
2022-11-03 17:58:32,389 DEBUG [main] cache:45 - Loading template for "Extent.ftl"("en_GB", UTF-8, parsed) from "jar:file:/Users/nethmini/m2/repository/com/relevantcodes/extentreports/2.41.2/extentreports-2.41.2.jar!/com/relevantcodes/extentreports/view/Extent.ftl"
2022-11-03 17:58:32,645 DEBUG [main] cache:45 - Couldn't find template in cache for "Extent.ftl"("en_GB", UTF-8, parsed); will try to load it.
2022-11-03 17:58:32,647 DEBUG [main] cache:45 - TemplateLoader.findTemplateSource("Extent_en_GB.ftl"): Not found
2022-11-03 17:58:32,647 DEBUG [main] cache:45 - TemplateLoader.findTemplateSource("Extent_en.ftl"): Not found
2022-11-03 17:58:32,648 DEBUG [main] cache:45 - TemplateLoader.findTemplateSource("Extent.ftl"): Found
2022-11-03 17:58:32,648 DEBUG [main] cache:45 - Loading template for "Extent.ftl"("en_GB", UTF-8, parsed) from "jar:file:/Users/nethmini/m2/repository/com/relevantcodes/extentreports/2.41.2/extentreports-2.41.2.jar!/com/relevantcodes/extentreports/view/Extent.ftl"
2022-11-07 11:11:02,277 DEBUG [main] cache:45 - Couldn't find template in cache for "Extent.ftl"("en_GB", UTF-8, parsed); will try to load it.
2022-11-07 11:11:02,281 DEBUG [main] cache:45 - TemplateLoader.findTemplateSource("Extent_en_GB.ftl"): Not found
2022-11-07 11:11:02,282 DEBUG [main] cache:45 - TemplateLoader.findTemplateSource("Extent_en.ftl"): Not found
2022-11-07 11:11:02,283 DEBUG [main] cache:45 - TemplateLoader.findTemplateSource("Extent.ftl"): Found
2022-11-07 11:11:02,284 DEBUG [main] cache:45 - Loading template for "Extent.ftl"("en_GB", UTF-8, parsed) from "jar:file:/Users/nethmini/m2/repository/com/relevantcodes/extentreports/2.41.2/extentreports-2.41.2.jar!/com/relevantcodes/extentreports/view/Extent.ftl"
2022-11-07 11:11:02,679 DEBUG [main] cache:45 - Couldn't find template in cache for "Extent.ftl"("en_GB", UTF-8, parsed); will try to load it.
2022-11-07 11:11:02,680 DEBUG [main] cache:45 - TemplateLoader.findTemplateSource("Extent_en_GB.ftl"): Not found
2022-11-07 11:11:02,680 DEBUG [main] cache:45 - TemplateLoader.findTemplateSource("Extent_en.ftl"): Not found
2022-11-07 11:11:02,681 DEBUG [main] cache:45 - TemplateLoader.findTemplateSource("Extent.ftl"): Found
2022-11-07 11:11:02,681 DEBUG [main] cache:45 - Loading template for "Extent.ftl"("en_GB", UTF-8, parsed) from "jar:file:/Users/nethmini/m2/repository/com/relevantcodes/extentreports/2.41.2/extentreports-2.41.2.jar!/com/relevantcodes/extentreports/view/Extent.ftl"
